<?xml version="1.0" encoding="UTF-8"?>
<testng-results skipped="0" failed="0" total="2" passed="2">
  <reporter-output>
  </reporter-output>
  <suite name="Suite" duration-ms="43006" started-at="2020-04-23T11:52:21Z" finished-at="2020-04-23T11:53:04Z">
    <groups>
    </groups>
    <test name="Test" duration-ms="43006" started-at="2020-04-23T11:52:21Z" finished-at="2020-04-23T11:53:04Z">
      <class name="com.test.NewTestDemo">
        <test-method status="PASS" signature="testEasy()[pri:0, instance:com.test.NewTestDemo@1e88b3c]" name="testEasy" duration-ms="12590" started-at="2020-04-23T04:52:51Z" finished-at="2020-04-23T04:53:04Z">
          <reporter-output>
          </reporter-output>
        </test-method> <!-- testEasy -->
      </class> <!-- com.test.NewTestDemo -->
      <class name="com.test.NewTest">
        <test-method status="PASS" signature="beforeTest()[pri:0, instance:com.test.NewTest@18355a8]" name="beforeTest" is-config="true" duration-ms="3622" started-at="2020-04-23T04:52:21Z" finished-at="2020-04-23T04:52:24Z">
          <reporter-output>
          </reporter-output>
        </test-method> <!-- beforeTest -->
        <test-method status="PASS" signature="beforeTest()[pri:0, instance:com.test.NewTestDemo@1e88b3c]" name="beforeTest" is-config="true" duration-ms="2769" started-at="2020-04-23T04:52:24Z" finished-at="2020-04-23T04:52:27Z">
          <reporter-output>
          </reporter-output>
        </test-method> <!-- beforeTest -->
        <test-method status="PASS" signature="testEasy()[pri:0, instance:com.test.NewTest@18355a8]" name="testEasy" duration-ms="23995" started-at="2020-04-23T04:52:27Z" finished-at="2020-04-23T04:52:51Z">
          <reporter-output>
          </reporter-output>
        </test-method> <!-- testEasy -->
        <test-method status="PASS" signature="afterTest()[pri:0, instance:com.test.NewTest@18355a8]" name="afterTest" is-config="true" duration-ms="1" started-at="2020-04-23T04:53:04Z" finished-at="2020-04-23T04:53:04Z">
          <reporter-output>
          </reporter-output>
        </test-method> <!-- afterTest -->
        <test-method status="PASS" signature="afterTest()[pri:0, instance:com.test.NewTestDemo@1e88b3c]" name="afterTest" is-config="true" duration-ms="0" started-at="2020-04-23T04:53:04Z" finished-at="2020-04-23T04:53:04Z">
          <reporter-output>
          </reporter-output>
        </test-method> <!-- afterTest -->
      </class> <!-- com.test.NewTest -->
    </test> <!-- Test -->
  </suite> <!-- Suite -->
</testng-results>
